+ gcc main.c -o main
+ gcc child.c -o child
+ rm file.map
+ printf 'result.txt\n1 2 3\n4 5 6\n'
+ ./main file.map
DEBUG: filename_result: result.txt
DEBUG: map: 0x7f419ce95000
DEBUG: translate_stdin_to_map: started
DEBUG: locked
DEBUG: --- reading a new command ---
DEBUG: i_number: 1
DEBUG: number: 1.000000
DEBUG: child: started
DEBUG: sep: 20
DEBUG: i_number: 2
DEBUG: number: 2.000000
DEBUG: sep: 20
DEBUG: i_number: 3
DEBUG: number: 3.000000
DEBUG: sep: 0a
DEBUG: msynced
DEBUG: unlocked
DEBUG: child: pid_parent=1094967
DEBUG: child: trying to lock
DEBUG: child: locked
DEBUG: child: unlocked
DEBUG: child: trying to lock
DEBUG: child is ready
DEBUG: child: locked
DEBUG: child: unlocked
DEBUG: child: trying to lock
DEBUG: child: locked
DEBUG: child: unlocked
DEBUG: child: trying to lock
DEBUG: locked
DEBUG: --- reading a new command ---
DEBUG: i_number: 1
DEBUG: number: 4.000000
DEBUG: sep: 20
DEBUG: i_number: 2
DEBUG: number: 5.000000
DEBUG: sep: 20
DEBUG: i_number: 3
DEBUG: number: 6.000000
DEBUG: sep: 0a
DEBUG: msynced
DEBUG: unlocked
DEBUG: child: locked
DEBUG: child: unlocked
DEBUG: child: trying to lock
DEBUG: child is ready
DEBUG: child: locked
DEBUG: child: unlocked
DEBUG: child: trying to lock
DEBUG: locked
DEBUG: --- reading a new command ---
DEBUG: i_number: 1
DEBUG: EOF
DEBUG: unlocked
DEBUG: child: locked
DEBUG: child: unlocked
DEBUG: child is ready
+ ls -l file.map
-rw------- 1 k k 404 2022-03-14 14:05 file.map
+ od --address-radix=d -f file.map
0000000              -1               4               5               6
0000016               0               0               0               0
*
0000400               0
0000404
+ cat result.txt
6.000000
15.000000
